INFO JmeSystem 03:11:31 Running on jMonkey Engine 3 ALPHA 0.50
INFO null 03:11:31 INFO JmeSystem 03:11:31 Running on jMonkey Engine 3 ALPHA 0.50

FEIN Natives 03:11:31 Copied liblwjgl.jnilib to liblwjgl.jnilib
INFO null 03:11:35 Turning on modules:
INFO null 03:11:35 INFO null 03:11:35 Turning on modules:

INFO null 03:11:35 	org.openide.util [7.31.2.1 1 201001291424]
	org.openide.modules [7.13.1 200912041610]
	org.openide.awt [7.19.1.1 200912041610]
	org.openide.filesystems [7.32.1.1.1 1 200912041610]
	org.netbeans.api.progress/1 [1.16.1.1 1 200912041610]
	org.jdesktop.layout/1 [1.10.1.103 103 200912041610]
	org.openide.dialogs [7.13.1 200912041610]
	org.openide.nodes [7.12.1.1 200912041610]
	org.openide.windows [6.30.1 200912041610]
	org.netbeans.modules.editor.mimelookup/1 [1.14.1 200912041610]
	org.openide.text [6.27.1 200912041610]
	org.netbeans.swing.outline [1.7.1 200912041610]
	org.openide.explorer [6.22.2.1 1 201001291424]
	org.openide.actions [6.12.1.1 200912041610]
	org.netbeans.modules.queries/1 [1.17.1 200912041610]
	org.openide.loaders [7.10.1 200912041610]
	org.netbeans.modules.db.metadata.model/0 [0.6.1 200912041610]
	org.netbeans.spi.quicksearch [1.4.1 200912041610]
	org.netbeans.bootstrap/1 [2.22.1 200912041610]
	org.netbeans.core.startup/1 [1.19.1.1 200912041610]
	org.netbeans.swing.plaf [1.12.1 200912041610]
	org.openide.io [1.20.1 200912041610]
	org.netbeans.core/2 [3.14.1.1 200912041610]
	org.netbeans.modules.options.api/1 [1.16.2 201001291424]
	org.netbeans.core.ui/1 [1.19.2.1 201001291424]
	org.netbeans.core.ide/1 [1.18.1 200912041610]
	org.netbeans.modules.javahelp/1 [2.15.1 200912041610]
	org.netbeans.modules.db/1 [1.35.1.30 30 200912041610]
	org.netbeans.modules.dbapi [1.11.1.30 200912041610]
	org.netbeans.modules.projectapi/1 [1.28.1 200912041610]
	org.netbeans.modules.autoupdate.services [1.16.1 200912041610]
	org.netbeans.modules.editor.util/1 [1.32.1 200912041610]
	org.netbeans.modules.lexer/2 [1.33.1.1 1 200912041610]
	org.netbeans.modules.editor.settings/1 [1.27.1 200912041610]
	org.netbeans.modules.editor.lib2/1 [1.18.1.2 2 200912041610]
	org.netbeans.modules.editor.fold/1 [1.13.1 200912041610]
	org.netbeans.modules.editor.lib/1 [1.44.1.9.2 9 200912041610]
	org.netbeans.spi.tasklist/1 [1.9.1.1 1 200912041610]
	org.netbeans.modules.editor.guards/1 [1.6.1 200912041610]
	org.netbeans.modules.editor.errorstripe.api/1 [2.9.1.1 1 200912041610]
	org.netbeans.modules.editor.errorstripe/2 [2.9.1.1.1 1 200912041610]
	org.netbeans.modules.editor.indent/2 [1.15.1.9 200912041610]
	org.openidex.util/3 [3.23.1 200912041610]
	org.netbeans.swing.tabcontrol [1.19.1 200912041610]
	org.netbeans.modules.editor/3 [1.46.1.3.9.2 3 200912041610]
	org.netbeans.modules.editor.settings.storage/1 [1.23.1 200912041610]
	org.netbeans.modules.options.keymap [1.8.1 200912041610]
	org.netbeans.modules.projectuiapi/1 [1.40.1.6 6 200912041610]
	org.netbeans.modules.options.editor/1 [1.15.1 200912041610]
	org.netbeans.modules.diff/1 [1.24.1.42.1 42 200912041610]
	org.netbeans.api.annotations.common/1 [1.3.1 200912041610]
	org.netbeans.modules.refactoring.api [1.8.1 200912041610]
	org.netbeans.libs.javacapi [0.11.1.1 1 200912041610]
	org.netbeans.libs.lucene/1 [2.8.1.232 232 200912041610]
	org.openide.execution [1.16.1 200912041610]
	org.netbeans.api.java.classpath/1 [1.22.1 200912041610]
	org.netbeans.api.java/1 [1.23.1 200912041610]
	org.netbeans.modules.masterfs/2 [2.20.1 200912041610]
	org.netbeans.modules.classfile/1 [1.25.1 200912041610]
	org.netbeans.modules.parsing.api/1 [1.26.2.2 2 201001291424]
	org.netbeans.modules.java.lexer/1 [1.8.1 200912041610]
	org.netbeans.modules.java.platform/1 [1.15.1 200912041610]
	org.netbeans.modules.java.preprocessorbridge [1.10.1.1 1 200912041610]
	org.netbeans.libs.javacimpl/1 [0.13.2.8 8 201001291424]
	org.netbeans.modules.java.source [0.52.2.8.8.2 8 201001291424]
	org.apache.xml.resolver [1.9.1.12 12 200912041610]
	org.netbeans.api.xml/1 [1.20.1 200912041610]
	org.netbeans.modules.xml.catalog/2 [1.18.1.4 4 200912041610]
	org.netbeans.modules.project.libraries/1 [1.23.1 200912041610]
	org.netbeans.modules.project.ant/1 [1.35.1 200912041610]
	org.netbeans.spi.navigator/1 [1.11.1 200912041610]
	org.apache.tools.ant.module/3 [3.38.1.2 2 200912041610]
	org.netbeans.libs.jsr223/1 [1.12.1.6 6 200912041610]
	org.netbeans.modules.templates [1.7.1 200912041610]
	org.netbeans.modules.java.project/1 [1.29.1 200912041610]
	com.jme3.gde.core.libraries/3 [3.0.0 4835 100330]
	org.netbeans.modules.settings/1 [1.22.1.1 200912041610]
	org.netbeans.spi.palette/1 [1.20.1 200912041610]
	com.jme3.gde.core/1 [0.1 100330]
	org.netbeans.modules.xml.core/2 [1.19.1.4 4 200912041610]
	org.netbeans.modules.xml.xam/1 [1.8.1.1 1 200912041610]
	org.netbeans.modules.editor.structure/1 [1.21.1.1 1 200912041610]
	org.netbeans.modules.editor.completion/1 [1.17.1.1 1 200912041610]
	org.netbeans.modules.xml.lexer [1.7.1 200912041610]
	org.netbeans.modules.jumpto/1 [1.12.1 200912041610]
	org.netbeans.spi.editor.hints/0 [1.10.2.7.2 7 201001291424]
	org.netbeans.modules.editor.codetemplates/1 [1.14.1.1 1 200912041610]
	org.netbeans.modules.csl.api/1 [1.14.1.1.1.1.2 1 200912041610]
	org.netbeans.modules.editor.bracesmatching/0 [1.10.1 200912041610]
	org.netbeans.modules.xml.text/2 [1.20.1.5 5 200912041610]
	org.netbeans.modules.xml.schema.model/1 [1.8.1.1 1 200912041610]
	org.netbeans.modules.xml.axi [1.8.1 200912041610]
	org.netbeans.modules.xml.xdm/1 [1.8.1.1 1 200912041610]
	org.netbeans.modules.xml.retriever/1 [1.7.1 200912041610]
	org.netbeans.modules.xml [1.6.1 200912041610]
	org.netbeans.libs.xerces/1 [1.16.1.280 280 200912041610]
	org.netbeans.modules.xml.tax/2 [1.20.1.280 200912041610]
	org.netbeans.modules.xml.tools/2 [1.20.1 200912041610]
	org.netbeans.modules.editor.mimelookup.impl/1 [1.7.1 200912041610]
	org.netbeans.modules.xml.jaxb/1 [1.6.2 201001291424]
	org.netbeans.modules.print.editor [7.3.1 200912041610]
	org.netbeans.core.output2/1 [1.14.1.1 1 200912041610]
	org.netbeans.libs.swingx/1 [1.4.1 200912041610]
	org.netbeans.modules.db.dataview [1.5.1 200912041610]
	org.netbeans.modules.db.core [1.12.1 200912041610]
	org.netbeans.spi.viewmodel/2 [1.22.1 200912041610]
	org.netbeans.api.debugger/1 [1.20.1 200912041610]
	org.netbeans.spi.debugger.ui/1 [2.19.1 200912041610]
	org.netbeans.modules.ant.debugger/1 [1.14.1.2 200912041610]
	org.netbeans.modules.versioning/1 [1.13.1.1.42.1 1 200912041610]
	org.netbeans.modules.versioning.util [1.8.1.42.1 200912041610]
	org.netbeans.modules.xml.jaxb.api/1 [1.2.1 200912041610]
	org.netbeans.libs.jaxb/1 [1.8.1 200912041610]
	org.netbeans.modules.ant.browsetask [1.18.1 200912041610]
	org.netbeans.core.execution/1 [1.16.1.1 200912041610]
	org.netbeans.modules.favorites/1 [1.18.1 200912041610]
	org.netbeans.modules.j2ee.metadata/0 [1.9.1 200912041610]
	org.netbeans.modules.j2ee.metadata.model.support/1 [1.6.1 200912041610]
	org.netbeans.modules.j2ee.persistenceapi/1 [1.9.1.1 1 200912041610]
	org.netbeans.api.debugger.jpda/2 [2.23.1 200912041610]
	org.netbeans.modules.debugger.jpda.ant [1.14.1 200912041610]
	org.netbeans.modules.java.sourceui/1 [1.11.1.1.8 1 200912041610]
	org.netbeans.modules.java.api.common/0 [1.12.1 200912041610]
	org.netbeans.core.multiview/1 [1.16.1 200912041610]
	org.netbeans.modules.extexecution/2 [1.18.1 200912041610]
	org.netbeans.modules.gsf.testrunner [1.12.1 200912041610]
	org.netbeans.libs.junit4 [1.7.1 200912041610]
	org.netbeans.modules.gototest/1 [1.6.1 200912041610]
	org.netbeans.modules.junit/2 [2.34.1 200912041610]
	org.netbeans.modules.java.j2seproject/1 [1.32.1.45 45 200912041610]
	org.netbeans.modules.javawebstart [1.6.1 200912041610]
	org.netbeans.modules.java.source.ant [1.7.1.1.8 1 200912041610]
	org.netbeans.modules.websvc.jaxws21api/1 [1.8.1 200912041610]
	org.netbeans.modules.websvc.jaxws21/1 [1.8.1 200912041610]
	org.netbeans.modules.refactoring.java/1 [1.9.1 200912041610]
	org.netbeans.modules.java.navigation/1 [1.13.1 200912041610]
	org.netbeans.modules.java.editor.lib/1 [1.13.1 200912041610]
	org.netbeans.modules.java.editor/1 [2.20.2.5.1.1 5 201001291424]
	org.netbeans.modules.beans/1 [1.24.2.1.5 1 201001291424]
	org.netbeans.modules.java.hints/1 [1.30.2.4.5 4 201001291424]
	org.netbeans.modules.javadoc/1 [1.29.1 200912041610]
	org.netbeans.modules.properties/1 [1.30.1 200912041610]
	org.netbeans.modules.i18n/1 [1.29.1 200912041610]
	org.netbeans.modules.java.debug [1.8.2.1.8.8 1 201001291424]
	org.netbeans.modules.java.j2seplatform/1 [1.15.1 200912041610]
	org.netbeans.modules.projectimport.eclipse.core/1 [2.7.1 200912041610]
	org.jdesktop.beansbinding/1 [1.5.1.121 121 200912041610]
	org.netbeans.modules.java.examples/1 [1.13.1 200912041610]
	org.netbeans.modules.ant.freeform/1 [1.22.1 200912041610]
	org.netbeans.modules.java.freeform/1 [1.13.1 200912041610]
	org.netbeans.modules.xml.tools.java [1.6.1 200912041610]
	org.netbeans.modules.java.helpset/1 [1.6.1 200912041610]
	org.netbeans.modules.projectui [1.19.1.1.6 1 200912041610]
	org.netbeans.modules.print [7.3.1 200912041610]
	org.netbeans.core.windows/2 [2.17.1.1 200912041610]
	org.netbeans.modules.autoupdate.ui [1.14.1 200912041610]
	org.netbeans.modules.core.kit [1.6.2 201001291424]
	org.netbeans.modules.target.iterator/1 [1.0.1 200912041610]
	org.netbeans.modules.editor.plain.lib/1 [1.10.1 200912041610]
	org.netbeans.modules.defaults/1 [1.9.1 200912041610]
	org.netbeans.modules.sendopts/2 [2.7.1 200912041610]
	org.netbeans.modules.utilities/1 [1.33.1 200912041610]
	org.netbeans.modules.editor.bookmarks/1 [1.10.1 200912041610]
	org.netbeans.modules.extbrowser/1 [1.17.1 200912041610]
	org.netbeans.modules.usersguide/1 [1.26.1 200912041610]
	org.netbeans.modules.xml.schema.completion [1.6.1 200912041610]
	org.netbeans.libs.bytelist/1 [0.5.1.1 1 200912041610]
	org.netbeans.libs.jvyamlb/1 [0.7.1 200912041610]
	org.netbeans.modules.languages.yaml [2.5.1 200912041610]
	org.netbeans.modules.languages.manifest [1.9.1 200912041610]
	org.mozilla.rhino.patched/1 [1.107.1 200912041610]
	org.netbeans.modules.html.lexer/1 [1.7.1 200912041610]
	org.netbeans.modules.css.editor/1 [1.7.1 200912041610]
	org.netbeans.modules.html.editor.lib/1 [1.23.1 200912041610]
	org.netbeans.modules.html.editor/1 [1.17.2 201001291424]
	org.netbeans.modules.javascript.editing/1 [0.91.2 201001291424]
	org.netbeans.modules.javascript.hints/1 [0.41.1 200912041610]
	org.netbeans.modules.javascript.refactoring/1 [0.66.1 200912041610]
	org.netbeans.modules.javascript.kit/1 [0.108.2 201001291424]
	org.netbeans.modules.editor.actions/1 [1.2.1.2 200912041610]
	org.netbeans.modules.servletapi/1 [1.17.1 200912041610]
	org.netbeans.modules.httpserver/2 [2.13.1.42 42 200912041610]
	org.netbeans.modules.xsl/1 [1.20.1 200912041610]
	org.netbeans.modules.image/1 [1.25.1 200912041610]
	org.netbeans.core.browser/1 [1.4.1.1 1 200912041610]
	org.netbeans.modules.web.flyingsaucer/1 [1.6.1.1 1 200912041610]
	org.netbeans.modules.css.visual/1 [2.8.1 200912041610]
	org.netbeans.modules.languages.diff [1.10.1 200912041610]
	org.netbeans.modules.html/1 [1.28.2 201001291424]
	org.netbeans.modules.editor.kit [1.7.2 201001291424]
	org.netbeans.swing.dirchooser [1.6.1 200912041610]
	org.netbeans.modules.editor.plain/2 [1.11.1 200912041610]
	org.netbeans.modules.editor.macros/0 [1.6.1.1.9 1 200912041610]
	org.netbeans.modules.tasklist.projectint/1 [1.6.1 200912041610]
	org.netbeans.modules.tasklist.todo/1 [1.7.1.1 1 200912041610]
	org.netbeans.modules.tasklist.ui/1 [1.8.1.1 200912041610]
	org.netbeans.modules.tasklist.kit [1.6.1 200912041610]
	org.netbeans.modules.ide.kit [1.9.2 201001291424]
	org.netbeans.modules.projectui.buildmenu/1 [1.4.1.1 1 200912041610]
	org.netbeans.modules.ant.kit [1.6.1 200912041610]
	org.netbeans.modules.java.kit [1.7.2 201001291424]
	org.netbeans.modules.debugger.jpda.projects [1.9.1 200912041610]
	org.netbeans.modules.debugger.jpda/2 [1.26.1 200912041610]
	org.netbeans.modules.debugger.jpda.ui/1 [1.12.2 201001291424]
	org.netbeans.modules.derby [1.15.1 200912041610]
	org.netbeans.modules.versioning.indexingbridge/0 [1.2.1 200912041610]
	org.netbeans.libs.commons_logging/1 [1.11.1.11 11 200912041610]
	org.netbeans.libs.cglib/1 [1.4.1 200912041610]
	org.netbeans.libs.springframework [1.5.1 200912041610]
	org.netbeans.modules.j2ee.core.utilities/0 [1.6.1 200912041610]
	org.netbeans.modules.spring.beans/0 [1.9.1.1 1 200912041610]
	org.netbeans.libs.jna/1 [1.5.1 200912041610]
	org.netbeans.modules.extexecution.destroy [1.2.1 200912041610]
	org.netbeans.modules.xml.multiview/1 [1.13.1.2 2 200912041610]
	org.netbeans.modules.schema2beans/1 [1.22.1 200912041610]
	org.netbeans.modules.dbschema/1 [1.17.1.4.30 4 200912041610]
	org.netbeans.modules.j2ee.persistence [1.11.1.1 1 200912041610]
	org.netbeans.modules.j2ee.jpa.refactoring [1.6.1 200912041610]
	org.netbeans.modules.j2ee.jpa.verification [1.9.1 200912041610]
	org.netbeans.modules.j2ee.eclipselink [1.2.2 201001291424]
	org.netbeans.modules.db.sql.editor [1.12.1.30 200912041610]
	org.netbeans.modules.db.drivers [1.6.1 200912041610]
	org.netbeans.modules.db.mysql [0.5.1.2 2 200912041610]
	org.netbeans.api.visual [2.21.1 200912041610]
	org.netbeans.modules.db.sql.visualeditor/1 [2.7.1.30 200912041610]
	org.netbeans.modules.db.kit [1.7.1 200912041610]
	org.netbeans.modules.j2ee.toplinklib/1 [2.14.1 200912041610]
	org.netbeans.modules.j2ee.persistence.kit [1.6.2 201001291424]
	org.netbeans.modules.ant.grammar/1 [1.21.1 200912041610]
	org.netbeans.modules.maven.embedder/1 [1.4.1 200912041610]
	org.netbeans.modules.maven.model/1 [1.4.1 200912041610]
	com.jme3.gde.cinematics/1 [0.1 100330]
	org.netbeans.lib.cvsclient/1 [1.21.1 200912041610]
	org.netbeans.libs.ini4j/1 [1.7.1 200912041610]
	org.netbeans.libs.svnClientAdapter/1 [1.9.1 200912041610]
	org.netbeans.modules.subversion [1.8.1.42.1 200912041610]
	org.netbeans.modules.mercurial [1.11.1.42.1 200912041610]
	org.netbeans.modules.utilities.project/1 [1.13.1 200912041610]
	org.netbeans.core.nativeaccess/1 [1.5.1 200912041610]
	org.netbeans.modules.java.guards/0 [0.8.1 200912041610]
	org.netbeans.modules.form/2 [1.28.2.2 2 201001291424]
	org.netbeans.modules.i18n.form/2 [1.27.1.2 200912041610]
	org.netbeans.modules.progress.ui [1.6.1.1 200912041610]
	org.netbeans.modules.maven.indexer/1 [1.4.1 200912041610]
	org.netbeans.modules.swing.validation/1 [1.2.1 200912041610]
	org.netbeans.modules.maven/1 [1.4.1 200912041610]
	org.netbeans.modules.maven.graph/1 [1.4.1 200912041610]
	org.netbeans.modules.maven.persistence/1 [1.4.1 200912041610]
	org.netbeans.modules.maven.grammar/1 [1.4.1 200912041610]
	org.netbeans.modules.maven.junit/1 [1.5.1 200912041610]
	org.netbeans.core.io.ui/1 [1.4.1.1 1 200912041610]
	com.jme3.gde.project.libraries/3 [3.0.0 4835 100325]
	org.netbeans.modules.localhistory [1.7.2 201001291424]
	org.netbeans.modules.swingapp [1.7.1.2 200912041610]
	org.netbeans.libs.jzlib/1 [1.2.1.107 107 200912041610]
	org.netbeans.libs.jsch/1 [1.12.1 200912041610]
	org.netbeans.modules.versioning.system.cvss/1 [1.15.1.1.42.1 1 200912041610]
	org.netbeans.upgrader [4.12.1 200912041610]
	org.netbeans.modules.maven.repository/1 [1.4.1 200912041610]
	org.netbeans.modules.maven.spring/1 [1.4.1 200912041610]
	org.netbeans.modules.form.j2ee/0 [0.8.1.1.2 1 200912041610]
	org.netbeans.modules.form.kit [1.6.2 201001291424]
	org.netbeans.modules.applemenu/1 [1.14.1 200912041610]
	org.netbeans.modules.updatecenters/1 [1.17.1 200912041610]
	org.netbeans.modules.maven.kit/1 [4.4.1 200912041610]
	org.netbeans.modules.maven.hints/1 [1.5.1 200912041610]
	org.netbeans.modules.maven.search [1.4.1 200912041610]
	com.jme3.gde.templates/1 [0.1 100330]
	org.netbeans.modules.lexer.nbbridge/1 [1.8.1.1 200912041610]
	org.netbeans.modules.properties.syntax/1 [1.24.1 200912041610]
	org.netbeans.libs.freemarker/1 [2.9.1.238 238 200912041610]

INFO null 03:11:35 INFO null 03:11:35 	org.openide.util [7.31.2.1 1 201001291424]

INFO null 03:11:36 	org.openide.modules [7.13.1 200912041610]

INFO null 03:11:36 	org.openide.awt [7.19.1.1 200912041610]

INFO null 03:11:36 	org.openide.filesystems [7.32.1.1.1 1 200912041610]

INFO null 03:11:36 	org.netbeans.api.progress/1 [1.16.1.1 1 200912041610]

INFO null 03:11:36 	org.jdesktop.layout/1 [1.10.1.103 103 200912041610]

INFO null 03:11:36 	org.openide.dialogs [7.13.1 200912041610]

INFO null 03:11:36 	org.openide.nodes [7.12.1.1 200912041610]

INFO null 03:11:36 	org.openide.windows [6.30.1 200912041610]

INFO null 03:11:36 	org.netbeans.modules.editor.mimelookup/1 [1.14.1 200912041610]

INFO null 03:11:36 	org.openide.text [6.27.1 200912041610]

INFO null 03:11:36 	org.netbeans.swing.outline [1.7.1 200912041610]

INFO null 03:11:36 	org.openide.explorer [6.22.2.1 1 201001291424]

INFO null 03:11:36 	org.openide.actions [6.12.1.1 200912041610]

INFO null 03:11:36 	org.netbeans.modules.queries/1 [1.17.1 200912041610]

INFO null 03:11:36 	org.openide.loaders [7.10.1 200912041610]

INFO null 03:11:36 	org.netbeans.modules.db.metadata.model/0 [0.6.1 200912041610]

INFO null 03:11:36 	org.netbeans.spi.quicksearch [1.4.1 200912041610]

INFO null 03:11:36 	org.netbeans.bootstrap/1 [2.22.1 200912041610]

INFO null 03:11:36 	org.netbeans.core.startup/1 [1.19.1.1 200912041610]

INFO null 03:11:36 	org.netbeans.swing.plaf [1.12.1 200912041610]

INFO null 03:11:36 	org.openide.io [1.20.1 200912041610]

INFO null 03:11:36 	org.netbeans.core/2 [3.14.1.1 200912041610]

INFO null 03:11:36 	org.netbeans.modules.options.api/1 [1.16.2 201001291424]

INFO null 03:11:36 	org.netbeans.core.ui/1 [1.19.2.1 201001291424]

INFO null 03:11:36 	org.netbeans.core.ide/1 [1.18.1 200912041610]

INFO null 03:11:36 	org.netbeans.modules.javahelp/1 [2.15.1 200912041610]

INFO null 03:11:36 	org.netbeans.modules.db/1 [1.35.1.30 30 200912041610]

INFO null 03:11:36 	org.netbeans.modules.dbapi [1.11.1.30 200912041610]

INFO null 03:11:36 	org.netbeans.modules.projectapi/1 [1.28.1 200912041610]

INFO null 03:11:36 	org.netbeans.modules.autoupdate.services [1.16.1 200912041610]

INFO null 03:11:36 	org.netbeans.modules.editor.util/1 [1.32.1 200912041610]

INFO null 03:11:36 	org.netbeans.modules.lexer/2 [1.33.1.1 1 200912041610]

INFO null 03:11:36 	org.netbeans.modules.editor.settings/1 [1.27.1 200912041610]

INFO null 03:11:36 	org.netbeans.modules.editor.lib2/1 [1.18.1.2 2 200912041610]

INFO null 03:11:36 	org.netbeans.modules.editor.fold/1 [1.13.1 200912041610]

INFO null 03:11:36 	org.netbeans.modules.editor.lib/1 [1.44.1.9.2 9 200912041610]

INFO null 03:11:36 	org.netbeans.spi.tasklist/1 [1.9.1.1 1 200912041610]

INFO null 03:11:36 	org.netbeans.modules.editor.guards/1 [1.6.1 200912041610]

INFO null 03:11:36 	org.netbeans.modules.editor.errorstripe.api/1 [2.9.1.1 1 200912041610]

INFO null 03:11:36 	org.netbeans.modules.editor.errorstripe/2 [2.9.1.1.1 1 200912041610]

INFO null 03:11:36 	org.netbeans.modules.editor.indent/2 [1.15.1.9 200912041610]

INFO null 03:11:36 	org.openidex.util/3 [3.23.1 200912041610]

INFO null 03:11:36 	org.netbeans.swing.tabcontrol [1.19.1 200912041610]

INFO null 03:11:36 	org.netbeans.modules.editor/3 [1.46.1.3.9.2 3 200912041610]

INFO null 03:11:36 	org.netbeans.modules.editor.settings.storage/1 [1.23.1 200912041610]

INFO null 03:11:36 	org.netbeans.modules.options.keymap [1.8.1 200912041610]

INFO null 03:11:36 	org.netbeans.modules.projectuiapi/1 [1.40.1.6 6 200912041610]

INFO null 03:11:36 	org.netbeans.modules.options.editor/1 [1.15.1 200912041610]

INFO null 03:11:36 	org.netbeans.modules.diff/1 [1.24.1.42.1 42 200912041610]

INFO null 03:11:36 	org.netbeans.api.annotations.common/1 [1.3.1 200912041610]

INFO null 03:11:36 	org.netbeans.modules.refactoring.api [1.8.1 200912041610]

INFO null 03:11:36 	org.netbeans.libs.javacapi [0.11.1.1 1 200912041610]

INFO null 03:11:36 	org.netbeans.libs.lucene/1 [2.8.1.232 232 200912041610]

INFO null 03:11:36 	org.openide.execution [1.16.1 200912041610]

INFO null 03:11:36 	org.netbeans.api.java.classpath/1 [1.22.1 200912041610]

INFO null 03:11:36 	org.netbeans.api.java/1 [1.23.1 200912041610]

INFO null 03:11:36 	org.netbeans.modules.masterfs/2 [2.20.1 200912041610]

INFO null 03:11:36 	org.netbeans.modules.classfile/1 [1.25.1 200912041610]

INFO null 03:11:36 	org.netbeans.modules.parsing.api/1 [1.26.2.2 2 201001291424]

INFO null 03:11:36 	org.netbeans.modules.java.lexer/1 [1.8.1 200912041610]

INFO null 03:11:36 	org.netbeans.modules.java.platform/1 [1.15.1 200912041610]

INFO null 03:11:36 	org.netbeans.modules.java.preprocessorbridge [1.10.1.1 1 200912041610]

INFO null 03:11:36 	org.netbeans.libs.javacimpl/1 [0.13.2.8 8 201001291424]

INFO null 03:11:36 	org.netbeans.modules.java.source [0.52.2.8.8.2 8 201001291424]

INFO null 03:11:36 	org.apache.xml.resolver [1.9.1.12 12 200912041610]

INFO null 03:11:36 	org.netbeans.api.xml/1 [1.20.1 200912041610]

INFO null 03:11:36 	org.netbeans.modules.xml.catalog/2 [1.18.1.4 4 200912041610]

INFO null 03:11:36 	org.netbeans.modules.project.libraries/1 [1.23.1 200912041610]

INFO null 03:11:36 	org.netbeans.modules.project.ant/1 [1.35.1 200912041610]

INFO null 03:11:36 	org.netbeans.spi.navigator/1 [1.11.1 200912041610]

INFO null 03:11:36 	org.apache.tools.ant.module/3 [3.38.1.2 2 200912041610]

INFO null 03:11:36 	org.netbeans.libs.jsr223/1 [1.12.1.6 6 200912041610]

INFO null 03:11:36 	org.netbeans.modules.templates [1.7.1 200912041610]

INFO null 03:11:36 	org.netbeans.modules.java.project/1 [1.29.1 200912041610]

INFO null 03:11:36 	com.jme3.gde.core.libraries/3 [3.0.0 4835 100330]

INFO null 03:11:36 	org.netbeans.modules.settings/1 [1.22.1.1 200912041610]

INFO null 03:11:36 	org.netbeans.spi.palette/1 [1.20.1 200912041610]

INFO null 03:11:36 	com.jme3.gde.core/1 [0.1 100330]

INFO null 03:11:36 	org.netbeans.modules.xml.core/2 [1.19.1.4 4 200912041610]

INFO null 03:11:36 	org.netbeans.modules.xml.xam/1 [1.8.1.1 1 200912041610]

INFO null 03:11:36 	org.netbeans.modules.editor.structure/1 [1.21.1.1 1 200912041610]

INFO null 03:11:36 	org.netbeans.modules.editor.completion/1 [1.17.1.1 1 200912041610]

INFO null 03:11:36 	org.netbeans.modules.xml.lexer [1.7.1 200912041610]

INFO null 03:11:36 	org.netbeans.modules.jumpto/1 [1.12.1 200912041610]

INFO null 03:11:36 	org.netbeans.spi.editor.hints/0 [1.10.2.7.2 7 201001291424]

INFO null 03:11:36 	org.netbeans.modules.editor.codetemplates/1 [1.14.1.1 1 200912041610]

INFO null 03:11:36 	org.netbeans.modules.csl.api/1 [1.14.1.1.1.1.2 1 200912041610]

INFO null 03:11:36 	org.netbeans.modules.editor.bracesmatching/0 [1.10.1 200912041610]

INFO null 03:11:36 	org.netbeans.modules.xml.text/2 [1.20.1.5 5 200912041610]

INFO null 03:11:36 	org.netbeans.modules.xml.schema.model/1 [1.8.1.1 1 200912041610]

INFO null 03:11:36 	org.netbeans.modules.xml.axi [1.8.1 200912041610]

INFO null 03:11:36 	org.netbeans.modules.xml.xdm/1 [1.8.1.1 1 200912041610]

INFO null 03:11:36 	org.netbeans.modules.xml.retriever/1 [1.7.1 200912041610]

INFO null 03:11:36 	org.netbeans.modules.xml [1.6.1 200912041610]

INFO null 03:11:36 	org.netbeans.libs.xerces/1 [1.16.1.280 280 200912041610]

INFO null 03:11:36 	org.netbeans.modules.xml.tax/2 [1.20.1.280 200912041610]

INFO null 03:11:36 	org.netbeans.modules.xml.tools/2 [1.20.1 200912041610]

INFO null 03:11:36 	org.netbeans.modules.editor.mimelookup.impl/1 [1.7.1 200912041610]

INFO null 03:11:36 	org.netbeans.modules.xml.jaxb/1 [1.6.2 201001291424]

INFO null 03:11:36 	org.netbeans.modules.print.editor [7.3.1 200912041610]

INFO null 03:11:36 	org.netbeans.core.output2/1 [1.14.1.1 1 200912041610]

INFO null 03:11:36 	org.netbeans.libs.swingx/1 [1.4.1 200912041610]

INFO null 03:11:36 	org.netbeans.modules.db.dataview [1.5.1 200912041610]

INFO null 03:11:36 	org.netbeans.modules.db.core [1.12.1 200912041610]

INFO null 03:11:36 	org.netbeans.spi.viewmodel/2 [1.22.1 200912041610]

INFO null 03:11:36 	org.netbeans.api.debugger/1 [1.20.1 200912041610]

INFO null 03:11:36 	org.netbeans.spi.debugger.ui/1 [2.19.1 200912041610]

INFO null 03:11:36 	org.netbeans.modules.ant.debugger/1 [1.14.1.2 200912041610]

INFO null 03:11:36 	org.netbeans.modules.versioning/1 [1.13.1.1.42.1 1 200912041610]

INFO null 03:11:36 	org.netbeans.modules.versioning.util [1.8.1.42.1 200912041610]

INFO null 03:11:36 	org.netbeans.modules.xml.jaxb.api/1 [1.2.1 200912041610]

INFO null 03:11:36 	org.netbeans.libs.jaxb/1 [1.8.1 200912041610]

INFO null 03:11:36 	org.netbeans.modules.ant.browsetask [1.18.1 200912041610]

INFO null 03:11:36 	org.netbeans.core.execution/1 [1.16.1.1 200912041610]

INFO null 03:11:36 	org.netbeans.modules.favorites/1 [1.18.1 200912041610]

INFO null 03:11:36 	org.netbeans.modules.j2ee.metadata/0 [1.9.1 200912041610]

INFO null 03:11:36 	org.netbeans.modules.j2ee.metadata.model.support/1 [1.6.1 200912041610]

INFO null 03:11:36 	org.netbeans.modules.j2ee.persistenceapi/1 [1.9.1.1 1 200912041610]

INFO null 03:11:36 	org.netbeans.api.debugger.jpda/2 [2.23.1 200912041610]

INFO null 03:11:36 	org.netbeans.modules.debugger.jpda.ant [1.14.1 200912041610]

INFO null 03:11:36 	org.netbeans.modules.java.sourceui/1 [1.11.1.1.8 1 200912041610]

INFO null 03:11:36 	org.netbeans.modules.java.api.common/0 [1.12.1 200912041610]

INFO null 03:11:36 	org.netbeans.core.multiview/1 [1.16.1 200912041610]

INFO null 03:11:36 	org.netbeans.modules.extexecution/2 [1.18.1 200912041610]

INFO null 03:11:36 	org.netbeans.modules.gsf.testrunner [1.12.1 200912041610]

INFO null 03:11:36 	org.netbeans.libs.junit4 [1.7.1 200912041610]

INFO null 03:11:36 	org.netbeans.modules.gototest/1 [1.6.1 200912041610]

INFO null 03:11:36 	org.netbeans.modules.junit/2 [2.34.1 200912041610]

INFO null 03:11:36 	org.netbeans.modules.java.j2seproject/1 [1.32.1.45 45 200912041610]

INFO null 03:11:36 	org.netbeans.modules.javawebstart [1.6.1 200912041610]

INFO null 03:11:36 	org.netbeans.modules.java.source.ant [1.7.1.1.8 1 200912041610]

INFO null 03:11:36 	org.netbeans.modules.websvc.jaxws21api/1 [1.8.1 200912041610]

INFO null 03:11:36 	org.netbeans.modules.websvc.jaxws21/1 [1.8.1 200912041610]

INFO null 03:11:36 	org.netbeans.modules.refactoring.java/1 [1.9.1 200912041610]

INFO null 03:11:36 	org.netbeans.modules.java.navigation/1 [1.13.1 200912041610]

INFO null 03:11:36 	org.netbeans.modules.java.editor.lib/1 [1.13.1 200912041610]

INFO null 03:11:36 	org.netbeans.modules.java.editor/1 [2.20.2.5.1.1 5 201001291424]

INFO null 03:11:36 	org.netbeans.modules.beans/1 [1.24.2.1.5 1 201001291424]

INFO null 03:11:36 	org.netbeans.modules.java.hints/1 [1.30.2.4.5 4 201001291424]

INFO null 03:11:36 	org.netbeans.modules.javadoc/1 [1.29.1 200912041610]

INFO null 03:11:36 	org.netbeans.modules.properties/1 [1.30.1 200912041610]

INFO null 03:11:36 	org.netbeans.modules.i18n/1 [1.29.1 200912041610]

INFO null 03:11:36 	org.netbeans.modules.java.debug [1.8.2.1.8.8 1 201001291424]

INFO null 03:11:36 	org.netbeans.modules.java.j2seplatform/1 [1.15.1 200912041610]

INFO null 03:11:36 	org.netbeans.modules.projectimport.eclipse.core/1 [2.7.1 200912041610]

INFO null 03:11:36 	org.jdesktop.beansbinding/1 [1.5.1.121 121 200912041610]

INFO null 03:11:36 	org.netbeans.modules.java.examples/1 [1.13.1 200912041610]

INFO null 03:11:36 	org.netbeans.modules.ant.freeform/1 [1.22.1 200912041610]

INFO null 03:11:36 	org.netbeans.modules.java.freeform/1 [1.13.1 200912041610]

INFO null 03:11:36 	org.netbeans.modules.xml.tools.java [1.6.1 200912041610]

INFO null 03:11:36 	org.netbeans.modules.java.helpset/1 [1.6.1 200912041610]

INFO null 03:11:36 	org.netbeans.modules.projectui [1.19.1.1.6 1 200912041610]

INFO null 03:11:36 	org.netbeans.modules.print [7.3.1 200912041610]

INFO null 03:11:36 	org.netbeans.core.windows/2 [2.17.1.1 200912041610]

INFO null 03:11:36 	org.netbeans.modules.autoupdate.ui [1.14.1 200912041610]

INFO null 03:11:36 	org.netbeans.modules.core.kit [1.6.2 201001291424]

INFO null 03:11:36 	org.netbeans.modules.target.iterator/1 [1.0.1 200912041610]

INFO null 03:11:36 	org.netbeans.modules.editor.plain.lib/1 [1.10.1 200912041610]

INFO null 03:11:36 	org.netbeans.modules.defaults/1 [1.9.1 200912041610]

INFO null 03:11:36 	org.netbeans.modules.sendopts/2 [2.7.1 200912041610]

INFO null 03:11:36 	org.netbeans.modules.utilities/1 [1.33.1 200912041610]

INFO null 03:11:36 	org.netbeans.modules.editor.bookmarks/1 [1.10.1 200912041610]

INFO null 03:11:36 	org.netbeans.modules.extbrowser/1 [1.17.1 200912041610]

INFO null 03:11:36 	org.netbeans.modules.usersguide/1 [1.26.1 200912041610]

INFO null 03:11:36 	org.netbeans.modules.xml.schema.completion [1.6.1 200912041610]

INFO null 03:11:36 	org.netbeans.libs.bytelist/1 [0.5.1.1 1 200912041610]

INFO null 03:11:36 	org.netbeans.libs.jvyamlb/1 [0.7.1 200912041610]

INFO null 03:11:36 	org.netbeans.modules.languages.yaml [2.5.1 200912041610]

INFO null 03:11:36 	org.netbeans.modules.languages.manifest [1.9.1 200912041610]

INFO null 03:11:36 	org.mozilla.rhino.patched/1 [1.107.1 200912041610]

INFO null 03:11:36 	org.netbeans.modules.html.lexer/1 [1.7.1 200912041610]

INFO null 03:11:36 	org.netbeans.modules.css.editor/1 [1.7.1 200912041610]

INFO null 03:11:36 	org.netbeans.modules.html.editor.lib/1 [1.23.1 200912041610]

INFO null 03:11:36 	org.netbeans.modules.html.editor/1 [1.17.2 201001291424]

INFO null 03:11:36 	org.netbeans.modules.javascript.editing/1 [0.91.2 201001291424]

INFO null 03:11:36 	org.netbeans.modules.javascript.hints/1 [0.41.1 200912041610]

INFO null 03:11:36 	org.netbeans.modules.javascript.refactoring/1 [0.66.1 200912041610]

INFO null 03:11:36 	org.netbeans.modules.javascript.kit/1 [0.108.2 201001291424]

INFO null 03:11:36 	org.netbeans.modules.editor.actions/1 [1.2.1.2 200912041610]

INFO null 03:11:36 	org.netbeans.modules.servletapi/1 [1.17.1 200912041610]

INFO null 03:11:36 	org.netbeans.modules.httpserver/2 [2.13.1.42 42 200912041610]

INFO null 03:11:36 	org.netbeans.modules.xsl/1 [1.20.1 200912041610]

INFO null 03:11:36 	org.netbeans.modules.image/1 [1.25.1 200912041610]

INFO null 03:11:36 	org.netbeans.core.browser/1 [1.4.1.1 1 200912041610]

INFO null 03:11:36 	org.netbeans.modules.web.flyingsaucer/1 [1.6.1.1 1 200912041610]

INFO null 03:11:36 	org.netbeans.modules.css.visual/1 [2.8.1 200912041610]

INFO null 03:11:36 	org.netbeans.modules.languages.diff [1.10.1 200912041610]

INFO null 03:11:36 	org.netbeans.modules.html/1 [1.28.2 201001291424]

INFO null 03:11:36 	org.netbeans.modules.editor.kit [1.7.2 201001291424]

INFO null 03:11:36 	org.netbeans.swing.dirchooser [1.6.1 200912041610]

INFO null 03:11:36 	org.netbeans.modules.editor.plain/2 [1.11.1 200912041610]

INFO null 03:11:36 	org.netbeans.modules.editor.macros/0 [1.6.1.1.9 1 200912041610]

INFO null 03:11:36 	org.netbeans.modules.tasklist.projectint/1 [1.6.1 200912041610]

INFO null 03:11:36 	org.netbeans.modules.tasklist.todo/1 [1.7.1.1 1 200912041610]

INFO null 03:11:36 	org.netbeans.modules.tasklist.ui/1 [1.8.1.1 200912041610]

INFO null 03:11:36 	org.netbeans.modules.tasklist.kit [1.6.1 200912041610]

INFO null 03:11:36 	org.netbeans.modules.ide.kit [1.9.2 201001291424]

INFO null 03:11:36 	org.netbeans.modules.projectui.buildmenu/1 [1.4.1.1 1 200912041610]

INFO null 03:11:36 	org.netbeans.modules.ant.kit [1.6.1 200912041610]

INFO null 03:11:36 	org.netbeans.modules.java.kit [1.7.2 201001291424]

INFO null 03:11:36 	org.netbeans.modules.debugger.jpda.projects [1.9.1 200912041610]

INFO null 03:11:36 	org.netbeans.modules.debugger.jpda/2 [1.26.1 200912041610]

INFO null 03:11:36 	org.netbeans.modules.debugger.jpda.ui/1 [1.12.2 201001291424]

INFO null 03:11:36 	org.netbeans.modules.derby [1.15.1 200912041610]

INFO null 03:11:36 	org.netbeans.modules.versioning.indexingbridge/0 [1.2.1 200912041610]

INFO null 03:11:36 	org.netbeans.libs.commons_logging/1 [1.11.1.11 11 200912041610]

INFO null 03:11:36 	org.netbeans.libs.cglib/1 [1.4.1 200912041610]

INFO null 03:11:36 	org.netbeans.libs.springframework [1.5.1 200912041610]

INFO null 03:11:36 	org.netbeans.modules.j2ee.core.utilities/0 [1.6.1 200912041610]

INFO null 03:11:36 	org.netbeans.modules.spring.beans/0 [1.9.1.1 1 200912041610]

INFO null 03:11:36 	org.netbeans.libs.jna/1 [1.5.1 200912041610]

INFO null 03:11:36 	org.netbeans.modules.extexecution.destroy [1.2.1 200912041610]

INFO null 03:11:36 	org.netbeans.modules.xml.multiview/1 [1.13.1.2 2 200912041610]

INFO null 03:11:36 	org.netbeans.modules.schema2beans/1 [1.22.1 200912041610]

INFO null 03:11:36 	org.netbeans.modules.dbschema/1 [1.17.1.4.30 4 200912041610]

INFO null 03:11:36 	org.netbeans.modules.j2ee.persistence [1.11.1.1 1 200912041610]

INFO null 03:11:36 	org.netbeans.modules.j2ee.jpa.refactoring [1.6.1 200912041610]

INFO null 03:11:36 	org.netbeans.modules.j2ee.jpa.verification [1.9.1 200912041610]

INFO null 03:11:36 	org.netbeans.modules.j2ee.eclipselink [1.2.2 201001291424]

INFO null 03:11:36 	org.netbeans.modules.db.sql.editor [1.12.1.30 200912041610]

INFO null 03:11:36 	org.netbeans.modules.db.drivers [1.6.1 200912041610]

INFO null 03:11:36 	org.netbeans.modules.db.mysql [0.5.1.2 2 200912041610]

INFO null 03:11:36 	org.netbeans.api.visual [2.21.1 200912041610]

INFO null 03:11:36 	org.netbeans.modules.db.sql.visualeditor/1 [2.7.1.30 200912041610]

INFO null 03:11:36 	org.netbeans.modules.db.kit [1.7.1 200912041610]

INFO null 03:11:36 	org.netbeans.modules.j2ee.toplinklib/1 [2.14.1 200912041610]

INFO null 03:11:36 	org.netbeans.modules.j2ee.persistence.kit [1.6.2 201001291424]

INFO null 03:11:36 	org.netbeans.modules.ant.grammar/1 [1.21.1 200912041610]

INFO null 03:11:36 	org.netbeans.modules.maven.embedder/1 [1.4.1 200912041610]

INFO null 03:11:36 	org.netbeans.modules.maven.model/1 [1.4.1 200912041610]

INFO null 03:11:36 	com.jme3.gde.cinematics/1 [0.1 100330]

INFO null 03:11:36 	org.netbeans.lib.cvsclient/1 [1.21.1 200912041610]

INFO null 03:11:36 	org.netbeans.libs.ini4j/1 [1.7.1 200912041610]

INFO null 03:11:36 	org.netbeans.libs.svnClientAdapter/1 [1.9.1 200912041610]

INFO null 03:11:36 	org.netbeans.modules.subversion [1.8.1.42.1 200912041610]

INFO null 03:11:36 	org.netbeans.modules.mercurial [1.11.1.42.1 200912041610]

INFO null 03:11:36 	org.netbeans.modules.utilities.project/1 [1.13.1 200912041610]

INFO null 03:11:36 	org.netbeans.core.nativeaccess/1 [1.5.1 200912041610]

INFO null 03:11:36 	org.netbeans.modules.java.guards/0 [0.8.1 200912041610]

INFO null 03:11:36 	org.netbeans.modules.form/2 [1.28.2.2 2 201001291424]

INFO null 03:11:36 	org.netbeans.modules.i18n.form/2 [1.27.1.2 200912041610]

INFO null 03:11:36 	org.netbeans.modules.progress.ui [1.6.1.1 200912041610]

INFO null 03:11:36 	org.netbeans.modules.maven.indexer/1 [1.4.1 200912041610]

INFO null 03:11:36 	org.netbeans.modules.swing.validation/1 [1.2.1 200912041610]

INFO null 03:11:36 	org.netbeans.modules.maven/1 [1.4.1 200912041610]

INFO null 03:11:36 	org.netbeans.modules.maven.graph/1 [1.4.1 200912041610]

INFO null 03:11:36 	org.netbeans.modules.maven.persistence/1 [1.4.1 200912041610]

INFO null 03:11:36 	org.netbeans.modules.maven.grammar/1 [1.4.1 200912041610]

INFO null 03:11:36 	org.netbeans.modules.maven.junit/1 [1.5.1 200912041610]

INFO null 03:11:36 	org.netbeans.core.io.ui/1 [1.4.1.1 1 200912041610]

INFO null 03:11:36 	com.jme3.gde.project.libraries/3 [3.0.0 4835 100325]

INFO null 03:11:36 	org.netbeans.modules.localhistory [1.7.2 201001291424]

INFO null 03:11:36 	org.netbeans.modules.swingapp [1.7.1.2 200912041610]

INFO null 03:11:36 	org.netbeans.libs.jzlib/1 [1.2.1.107 107 200912041610]

INFO null 03:11:36 	org.netbeans.libs.jsch/1 [1.12.1 200912041610]

INFO null 03:11:36 	org.netbeans.modules.versioning.system.cvss/1 [1.15.1.1.42.1 1 200912041610]

INFO null 03:11:36 	org.netbeans.upgrader [4.12.1 200912041610]

INFO null 03:11:36 	org.netbeans.modules.maven.repository/1 [1.4.1 200912041610]

INFO null 03:11:36 	org.netbeans.modules.maven.spring/1 [1.4.1 200912041610]

INFO null 03:11:36 	org.netbeans.modules.form.j2ee/0 [0.8.1.1.2 1 200912041610]

INFO null 03:11:36 	org.netbeans.modules.form.kit [1.6.2 201001291424]

INFO null 03:11:36 	org.netbeans.modules.applemenu/1 [1.14.1 200912041610]

INFO null 03:11:36 	org.netbeans.modules.updatecenters/1 [1.17.1 200912041610]

INFO null 03:11:36 	org.netbeans.modules.maven.kit/1 [4.4.1 200912041610]

INFO null 03:11:36 	org.netbeans.modules.maven.hints/1 [1.5.1 200912041610]

INFO null 03:11:36 	org.netbeans.modules.maven.search [1.4.1 200912041610]

INFO null 03:11:36 	com.jme3.gde.templates/1 [0.1 100330]

INFO null 03:11:36 	org.netbeans.modules.lexer.nbbridge/1 [1.8.1.1 200912041610]

INFO null 03:11:36 	org.netbeans.modules.properties.syntax/1 [1.24.1 200912041610]

INFO null 03:11:36 	org.netbeans.libs.freemarker/1 [2.9.1.238 238 200912041610]

INFO null 03:11:36 

WARNUNG null 03:11:36 Not all children in Toolbars/ marked with the position attribute: [JME3-Import], but some are: [File, Clipboard, UndoRedo, Build, Debug, Memory, QuickSearch, Standard.xml, Debugging.xml]
INFO null 03:11:36 WARNUNG null 03:11:36 Not all children in Toolbars/ marked with the position attribute: [JME3-Import], but some are: [File, Clipboard, UndoRedo, Build, Debug, Memory, QuickSearch, Standard.xml, Debugging.xml]

INFO null 03:11:39 [PersistenceManager.getTopComponentForID] Problem when deserializing TopComponent for tcID:'SceneViewerTopComponent'. Reason: Top component SceneViewerTopComponent could not be loaded, either owning module was disabled, has incompatible version or top components settings file format is broken.
INFO null 03:11:39 INFO null 03:11:39 [PersistenceManager.getTopComponentForID] Problem when deserializing TopComponent for tcID:'SceneViewerTopComponent'. Reason: Top component SceneViewerTopComponent could not be loaded, either owning module was disabled, has incompatible version or top components settings file format is broken.

FEINER DesktopAssetManager 03:11:40 Registered locator: FileLocator
WARNUNG null 03:11:42 Duplicate shortcut 'D-SPACE' definition; rebound from 'all-completion-show' to 'completion-show' in (Editors/Keybindings/NetBeans/Defaults/org-netbeans-modules-editor-keybindings.xml).
INFO null 03:11:42 WARNUNG null 03:11:42 Duplicate shortcut 'D-SPACE' definition; rebound from 'all-completion-show' to 'completion-show' in (Editors/Keybindings/NetBeans/Defaults/org-netbeans-modules-editor-keybindings.xml).

WARNUNG null 03:11:43 too much time in AWT thread null
INFO null 03:11:43 WARNUNG null 03:11:43 too much time in AWT thread null

INFO null 03:11:48 USG_PROJECT_OPEN
INFO null 03:11:48 INFO null 03:11:48 USG_PROJECT_OPEN

INFO null 03:11:48 Diagnostic information
Input arguments:
	-Djdk.home=/System/Library/Frameworks/JavaVM.framework/Versions/1.5.0/Home
	-Dnetbeans.system_http_proxy=DIRECT
	-Dnetbeans.system_http_non_proxy_hosts=
	-Dnetbeans.dirs=/Users/normenhansen/Documents/Code/jme3-gde/build/cluster:/Applications/NetBeans/NetBeans
	6.8.app/Contents/Resources/NetBeans/ide12:/Applications/NetBeans/NetBeans
	6.8.app/Contents/Resources/NetBeans/java3:/Applications/NetBeans/NetBeans
	6.8.app/Contents/Resources/NetBeans/nb6.8:/Applications/NetBeans/NetBeans
	6.8.app/Contents/Resources/NetBeans/platform11
	-Dnetbeans.home=/Applications/NetBeans/NetBeans
	6.8.app/Contents/Resources/NetBeans/platform11
	-Dnetbeans.logger.console=true
	-ea
	-Xmx512m
	-XX:PermSize=256m
Compiler: HotSpot Client Compiler
Heap memory usage: initial 0b maximum 508,1MB
Non heap memory usage: initial 256,2MB maximum 288,0MB
Garbage collector: Copy (Collections=356 Total time spent=2s)
Garbage collector: MarkSweepCompact (Collections=8 Total time spent=0s)
Classes: loaded=7335 total loaded=7363 unloaded 28

INFO null 03:11:49 Total memory 2.147.483.648
INFO null 03:11:49 INFO null 03:11:48 INFO null 03:11:48 USG_PROJECT_OPEN

INFO null 03:11:49 

INFO null 03:11:49 INFO null 03:11:48 Diagnostic information

INFO null 03:11:49 Input arguments:

INFO null 03:11:49 	-Djdk.home=/System/Library/Frameworks/JavaVM.framework/Versions/1.5.0/Home

INFO null 03:11:49 Total physical memory 2.147.483.648
INFO null 03:11:49 	-Dnetbeans.system_http_proxy=DIRECT

WARNUNG null 03:11:50 Not all children in Menu/Window/ marked with the position attribute: [SceneExplorerAction.shadow, SceneViewerAction.shadow], but some are: [org-netbeans-modules-project-ui-logical-tab-action.shadow, org-netbeans-modules-project-ui-physical-tab-action.shadow, ViewFavoritesTabAction.shadow, org-netbeans-core-ide-ServicesTabAction.shadow, org-netbeans-modules-tasklist-ui-TaskListAction.shadow, ShowPaletteAction.shadow, org-netbeans-core-windows-actions-GlobalPropertiesAction.shadow, Output, Navigator, Debug, Versioning, Other, SwitchToRecentDocumentAction.shadow, ProgressListAction.shadow, Separator3.instance, CloseWindowAction.shadow, MaximizeWindowAction.shadow, org-netbeans-core-windows-actions-UndockAction.shadow, Separator4.instance, CloneDocumentAction.shadow, CloseAllDocumentsAction.shadow, CloseAllButThisAction.shadow, DocumentsAction.shadow, Separator5.instance, org-netbeans-core-windows-actions-ResetWindowsAction.shadow]
INFO null 03:11:50 	-Dnetbeans.system_http_non_proxy_hosts=

INFO null 03:11:50 	-Dnetbeans.dirs=/Users/normenhansen/Documents/Code/jme3-gde/build/cluster:/Applications/NetBeans/NetBeans

INFO null 03:11:50 	6.8.app/Contents/Resources/NetBeans/ide12:/Applications/NetBeans/NetBeans

INFO null 03:11:50 	6.8.app/Contents/Resources/NetBeans/java3:/Applications/NetBeans/NetBeans

INFO null 03:11:50 	6.8.app/Contents/Resources/NetBeans/nb6.8:/Applications/NetBeans/NetBeans

INFO null 03:11:50 	6.8.app/Contents/Resources/NetBeans/platform11

INFO null 03:11:50 	-Dnetbeans.home=/Applications/NetBeans/NetBeans

INFO null 03:11:50 	6.8.app/Contents/Resources/NetBeans/platform11

INFO null 03:11:50 	-Dnetbeans.logger.console=true

INFO null 03:11:50 	-ea

INFO null 03:11:50 	-Xmx512m

INFO null 03:11:50 	-XX:PermSize=256m

INFO null 03:11:50 Compiler: HotSpot Client Compiler

INFO null 03:11:50 Heap memory usage: initial 0b maximum 508,1MB

INFO null 03:11:50 Non heap memory usage: initial 256,2MB maximum 288,0MB

INFO null 03:11:50 Garbage collector: Copy (Collections=356 Total time spent=2s)

INFO null 03:11:50 Garbage collector: MarkSweepCompact (Collections=8 Total time spent=0s)

INFO null 03:11:50 Classes: loaded=7335 total loaded=7363 unloaded 28

INFO null 03:11:50 

INFO null 03:11:50 INFO null 03:11:49 Total memory 2.147.483.648

INFO null 03:11:50 INFO null 03:11:49 Total physical memory 2.147.483.648

INFO null 03:11:50 INFO null 03:11:49 	-Dnetbeans.system_http_proxy=DIRECT

INFO null 03:11:50 

INFO null 03:11:50 WARNUNG null 03:11:50 Not all children in Menu/Window/ marked with the position attribute: [SceneExplorerAction.shadow, SceneViewerAction.shadow], but some are: [org-netbeans-modules-project-ui-logical-tab-action.shadow, org-netbeans-modules-project-ui-physical-tab-action.shadow, ViewFavoritesTabAction.shadow, org-netbeans-core-ide-ServicesTabAction.shadow, org-netbeans-modules-tasklist-ui-TaskListAction.shadow, ShowPaletteAction.shadow, org-netbeans-core-windows-actions-GlobalPropertiesAction.shadow, Output, Navigator, Debug, Versioning, Other, SwitchToRecentDocumentAction.shadow, ProgressListAction.shadow, Separator3.instance, CloseWindowAction.shadow, MaximizeWindowAction.shadow, org-netbeans-core-windows-actions-UndockAction.shadow, Separator4.instance, CloneDocumentAction.shadow, CloseAllDocumentsAction.shadow, CloseAllButThisAction.shadow, DocumentsAction.shadow, Separator5.instance, org-netbeans-core-windows-actions-ResetWindowsAction.shadow]

INFO null 03:11:54 Javahl client adapter is not available
INFO null 03:11:54 INFO null 03:11:54 Javahl client adapter is not available

WARNUNG null 03:11:55 Failed to load JavaHL Library.
These are the errors that were encountered:
no libsvnjavahl-1 in java.library.path
no svnjavahl-1 in java.library.path
no svnjavahl in java.library.path
java.library.path = .:/Library/Java/Extensions:/System/Library/Java/Extensions:/usr/lib/java

INFO null 03:11:55 WARNUNG null 03:11:55 Failed to load JavaHL Library.

WARNUNG null 03:11:55 Cannot find SceneViewerTopComponent component. It will not be located properly in the window system.
INFO null 03:11:55 Could not setup subversion java bindings. Falling back on commandline.
INFO null 03:11:56 These are the errors that were encountered:

INFO null 03:11:56 no libsvnjavahl-1 in java.library.path

INFO null 03:11:56 no svnjavahl-1 in java.library.path

INFO LwjglAbstractDisplay 03:11:56 Using LWJGL 2.3
WARNUNG null 03:11:57 Not all children in Toolbars/ marked with the position attribute: [JME3-Import], but some are: [File, Clipboard, UndoRedo, Build, Debug, Memory, QuickSearch, Standard.xml, Debugging.xml]
INFO null 03:11:57 Finished indexing svn cache with 447 entries. Elapsed time: 2640 ms.
INFO null 03:11:57 no svnjavahl in java.library.path

INFO null 03:11:57 running on commandline
INFO LwjglAbstractDisplay 03:11:57 Display created.
INFO null 03:11:58 USG_VCS_CLIENT
INFO null 03:11:58 java.library.path = .:/Library/Java/Extensions:/System/Library/Java/Extensions:/usr/lib/java

INFO null 03:11:59 Resolving dependencies took: 957 ms
FEIN LwjglAbstractDisplay 03:12:00 Running on thread: LWJGL Renderer Thread
INFO null 03:12:00 

INFO LwjglAbstractDisplay 03:12:01 Vendor: ATI Technologies Inc.
INFO null 03:12:01 INFO null 03:11:55 WARNUNG null 03:11:55 Failed to load JavaHL Library.

INFO null 03:12:01 

INFO null 03:12:01 WARNUNG null 03:11:55 Cannot find SceneViewerTopComponent component. It will not be located properly in the window system.

INFO LwjglAbstractDisplay 03:12:01 Renderer: ATI Radeon X1600 OpenGL Engine
INFO null 03:12:01 INFO null 03:11:56 no svnjavahl-1 in java.library.path

INFO null 03:12:02 Complete indexing of 45 binary roots took: 1491 ms
INFO LwjglAbstractDisplay 03:12:02 Adapter: null
INFO null 03:12:02 

INFO null 03:12:02 INFO LwjglAbstractDisplay 03:11:56 Using LWJGL 2.3

INFO null 03:12:02 WARNUNG null 03:11:57 Not all children in Toolbars/ marked with the position attribute: [JME3-Import], but some are: [File, Clipboard, UndoRedo, Build, Debug, Memory, QuickSearch, Standard.xml, Debugging.xml]

INFO null 03:12:02 INFO null 03:11:57 Finished indexing svn cache with 447 entries. Elapsed time: 2640 ms.

INFO null 03:12:0203:12:02 INFO null 03:11:57 no svnjavahl in java.library.path

INFO LwjglAbstractDisplay 03:12:02 Driver Version: null
INFO null 03:12:02 

INFO null 03:12:02 INFO null 03:11:57 running on commandline

INFO null 03:12:02 INFO LwjglAbstractDisplay 03:11:57 Display created.

INFO null 03:12:02 INFO null 03:11:58 USG_VCS_CLIENT

INFO LwjglAbstractDisplay 03:12:03 OpenGL Version: 2.0 ATI-1.5.48
INFO null 03:12:03 Indexing of: jar:file:/Applications/NetBeans/NetBeans%206.8.app/Contents/Resources/NetBeans/ide12/jsstubs/allstubs.zip!/ took: 284 ms (New or modified files: 0, Deleted files: 0)
INFO LwjglAbstractDisplay 03:12:04 GLSL Ver: 1.20
INFO null 03:12:04 INFO null 03:11:58 java.library.path = .:/Library/Java/Extensions:/System/Library/Java/Extensions:/usr/lib/java

INFO null 03:12:04 

INFO null 03:12:04 INFO null 03:11:59 Resolving dependencies took: 957 ms

INFO null 03:12:04 INFO LwjglAbstractDisplay 03:12:01 Vendor: ATI Technologies Inc.

INFO null 03:12:04 INFO LwjglAbstractDisplay 03:12:01 Renderer: ATI Radeon X1600 OpenGL Engine

INFO null 03:12:04 INFO LwjglAbstractDisplay 03:12:0203:12:02 Adapter: null

INFO null 03:12:04 INFO LwjglAbstractDisplay 03:12:02 Driver Version: null

INFO null 03:12:04 Indexing of: file:/Users/normenhansen/NetBeansProjects/BasicGame/src/ took: 178 ms (New or modified files: 0, Deleted files: 0)
INFO LwjglTimer 03:12:05 Timer resolution: 1000 ticks per second
INFO null 03:12:05 Complete indexing of 2 source roots took: 462 ms (New or modified files: 0, Deleted files: 0)
INFO null 03:12:05 INFO null 03:12:02 INFO null 03:11:58 USG_VCS_CLIENT

INFO null 03:12:06 

FEINER LwjglRenderer 03:12:06 VTF Units: 16
FEINER LwjglRenderer 03:12:07 Texture Units: 16
INFO null 03:12:07 INFO LwjglAbstractDisplay 03:12:03 OpenGL Version: 2.0 ATI-1.5.48

INFO null 03:12:07 INFO null 03:12:03 Indexing of: jar:file:/Applications/NetBeans/NetBeans%206.8.app/Contents/Resources/NetBeans/ide12/jsstubs/allstubs.zip!/ took: 284 ms (New or modified files: 0, Deleted files: 0)

INFO null 03:12:07 INFO null 03:12:04 INFO LwjglAbstractDisplay 03:12:02 Driver Version: null

INFO null 03:12:07 

INFO null 03:12:07 INFO null 03:12:0503:12:05 Indexing of: file:/Users/normenhansen/NetBeansProjects/BasicGame/src/ took: 178 ms (New or modified files: 0, Deleted files: 0)

FEINER LwjglRenderer 03:12:07 Vertex Uniforms: 4.096
INFO null 03:12:07 INFO LwjglTimer 03:12:05 Timer resolution: 1000 ticks per second

FEINER LwjglRenderer 03:12:08 Fragment Uniforms: 4.096
INFO null 03:12:08 INFO null 03:12:06 

INFO null 03:12:08 

FEINER LwjglRenderer 03:12:08 Vertex Attributes: 16
FEINER LwjglRenderer 03:12:08 Varying Floats: 40
FEINER LwjglRenderer 03:12:08 Subpixel Bits: 7
FEINER LwjglRenderer 03:12:08 Preferred Batch Vertex Count: 2.048
FEINER LwjglRenderer 03:12:08 Preferred Batch Index Count: 150.000
FEINER LwjglRenderer 03:12:08 Maximum Texture Resolution: 4.096
FEINER LwjglRenderer 03:12:08 Maximum CubeMap Resolution: 4.096
FEINER LwjglRenderer 03:12:08 FBO RB Max Size: 4.096
FEINER LwjglRenderer 03:12:08 FBO Max renderbuffers: 4
FEINER LwjglRenderer 03:12:08 FBO Max Samples: 6
FEINER LwjglRenderer 03:12:08 FBO Max MRT renderbuffers: 4
FEINER LwjglRenderer 03:12:08 Samples: 0
INFO Camera 03:12:08 Camera created (W: 640, H: 480)
INFO null 03:12:08 INFO Camera 03:12:08 Camera created (W: 640, H: 480)

INFO LwjglMouseInput 03:12:09 Mouse created.
INFO null 03:12:09 INFO LwjglMouseInput 03:12:09 Mouse created.

INFO LwjglKeyInput 03:12:09 Keyboard created.
INFO null 03:12:09 INFO LwjglKeyInput 03:12:09 Keyboard created.

FEINER DesktopAssetManager 03:12:10 Loaded font2d.j3md with J3MLoader
FEINER DesktopAssetManager 03:12:10 Loaded cooper_00.png with AWTLoader
FEINER DesktopAssetManager 03:12:10 Loaded cooper.fnt with BitmapFontLoader
INFO Node 03:12:10 Child (BitmapFont) attached to this node (Gui Node)
INFO null 03:12:10 INFO Node 03:12:10 Child (BitmapFont) attached to this node (Gui Node)

FEINER DesktopAssetManager 03:12:11 Loaded sprite2d.vert with GLSLLoader
FEINER DesktopAssetManager 03:12:11 Loaded font.frag with GLSLLoader
AM FEINSTEN GLObjectManager 03:12:11 Registered: Texture2D[name=cooper_00.png, img=256x256-Luminance8]
FEIN LwjglRenderer 03:12:11 sprite2d.vert compile success
AM FEINSTEN GLObjectManager 03:12:11 Registered: ShaderSource[name=sprite2d.vert, defines, type=Vertex]
FEIN LwjglRenderer 03:12:11 font.frag compile success
AM FEINSTEN GLObjectManager 03:12:11 Registered: ShaderSource[name=font.frag, defines, type=Fragment]
FEIN LwjglRenderer 03:12:11 shader link success
AM FEINSTEN GLObjectManager 03:12:11 Registered: Shader[language=GLSL100, numSources=2, numUniforms=2]
AM FEINSTEN GLObjectManager 03:12:11 Registered: VertexBuffer[fmt=Float, type=Position, usage=Dynamic, elements=204]
AM FEINSTEN GLObjectManager 03:12:11 Registered: VertexBuffer[fmt=Float, type=TexCoord, usage=Dynamic, elements=136]
AM FEINSTEN GLObjectManager 03:12:11 Registered: VertexBuffer[fmt=UnsignedShort, type=Index, usage=Dynamic, elements=102]
INFO LwjglMouseInput 03:12:21 Mouse destroyed.
INFO null 03:12:21 INFO LwjglMouseInput 03:12:21 Mouse destroyed.

FEIN Application 03:12:21 Closing application: com.jme3.gde.core.scene.SceneApplication
INFO null 03:12:21 Resolving dependencies took: 32 ms
INFO LwjglKeyInput 03:12:21 Keyboard destroyed.
INFO null 03:12:22 Complete indexing of 43 binary roots took: 97 ms
INFO LwjglMouseInput 03:12:22 Mouse destroyed.
INFO null 03:12:22 INFO null 03:12:21 INFO LwjglMouseInput 03:12:21 Mouse destroyed.

INFO null 03:12:23 

INFO null 03:12:23 INFO null 03:12:21 Resolving dependencies took: 32 ms

INFO LwjglAbstractDisplay 03:12:23 Display destroyed.
INFO LwjglKeyInput 03:12:23 Keyboard destroyed.
INFO null 03:12:23 Complete indexing of 0 source roots took: 0 ms (New or modified files: 0, Deleted files: 0)
INFO null 03:12:25 INFO LwjglKeyInput 03:12:21 Keyboard destroyed.

INFO null 03:12:25 INFO null 03:12:23 INFO null 03:12:21 Resolving dependencies took: 32 ms

INFO null 03:12:25 

INFO null 03:12:25 INFO LwjglAbstractDisplay 03:12:2403:12:23 Display destroyed.

INFO null 03:12:25 INFO LwjglKeyInput 03:12:23 Keyboard destroyed.

